
[2024-05-23T09:56:58.034486+02:00] logger.WARNING: File not found: C:\Users\Daniel Morais\Desktop\Nova pasta\htdocs\reindal\Reindal---To-do-List---SLim\app\Controllers/../public/uploads/BetRisk.png [] []
[2024-05-23T09:58:13.414548+02:00] logger.WARNING: File not found: ../../../../public/uploads/BetRisk.png [] []
[2024-05-23T10:06:37.737245+02:00] logger.WARNING: File not found: C:\Users\Daniel Morais\Desktop\Nova pasta\htdocs\reindal\Reindal---To-do-List---SLim\app\Controllers/../../public/uploads/uploads/BetRisk.png [] []
[2024-05-23T10:08:58.770750+02:00] logger.INFO: Deleted file: C:\Users\Daniel Morais\Desktop\Nova pasta\htdocs\reindal\Reindal---To-do-List---SLim\app\Controllers/../../public/uploads/BetRisk.png [] []
[2024-05-23T10:12:45.368957+02:00] logger.WARNING: File not found: C:\Users\Daniel Morais\Desktop\Nova pasta\htdocs\reindal\Reindal---To-do-List---SLim\app\Controllers/../../public/uploads/BetRisk.pngººuploads/Controll Pulse.pngººuploads/EXERCICIOS DA Abóboda.odtººuploads/FICHA  3 - PAP -TGPSI - Daniel Morais.pdfººuploads/Ficha5 - Cópia.pkt [] []
[2024-05-23T10:13:52.814238+02:00] logger.INFO: Deleted file: C:\Users\Daniel Morais\Desktop\Nova pasta\htdocs\reindal\Reindal---To-do-List---SLim\app\Controllers/../../public/uploads/BetRisk.png [] []
[2024-05-23T10:16:59.990068+02:00] logger.INFO: Deleted file: C:\Users\Daniel Morais\Desktop\Nova pasta\htdocs\reindal\Reindal---To-do-List---SLim\app\Controllers/../../public/uploads/BetRisk.png [] []
[2024-05-23T10:16:59.993582+02:00] logger.INFO: Deleted file: C:\Users\Daniel Morais\Desktop\Nova pasta\htdocs\reindal\Reindal---To-do-List---SLim\app\Controllers/../../public/uploads/Controll Pulse.png [] []
[2024-05-23T10:16:59.994437+02:00] logger.INFO: Deleted file: C:\Users\Daniel Morais\Desktop\Nova pasta\htdocs\reindal\Reindal---To-do-List---SLim\app\Controllers/../../public/uploads/Debate Turma.txt [] []
[2024-05-23T10:16:59.995308+02:00] logger.INFO: Deleted file: C:\Users\Daniel Morais\Desktop\Nova pasta\htdocs\reindal\Reindal---To-do-List---SLim\app\Controllers/../../public/uploads/Diário de Bordo_modelo.pdf [] []
[2024-05-23T10:16:59.996122+02:00] logger.INFO: Deleted file: C:\Users\Daniel Morais\Desktop\Nova pasta\htdocs\reindal\Reindal---To-do-List---SLim\app\Controllers/../../public/uploads/EXERCICIOS DA Abóboda.odt [] []
[2024-05-23T10:32:22.589625+02:00] logger.INFO: Deleted file: C:\Users\Daniel Morais\Desktop\Nova pasta\htdocs\reindal\Reindal---To-do-List---SLim\app\Controllers/../../public/uploads18/Relatorio_Modulo_7C_-_Daniel.pdf [] []
[2024-05-23T10:32:22.591442+02:00] logger.INFO: Deleted file: C:\Users\Daniel Morais\Desktop\Nova pasta\htdocs\reindal\Reindal---To-do-List---SLim\app\Controllers/../../public/uploads18/FICHA  3 - PAP -TGPSI - Daniel Morais - Cópia.pdf [] []
[2024-05-23T10:32:22.592099+02:00] logger.INFO: Deleted file: C:\Users\Daniel Morais\Desktop\Nova pasta\htdocs\reindal\Reindal---To-do-List---SLim\app\Controllers/../../public/uploads18/BetRisk - Cópia.png [] []
[2024-05-23T10:32:22.595058+02:00] logger.INFO: Deleted file: C:\Users\Daniel Morais\Desktop\Nova pasta\htdocs\reindal\Reindal---To-do-List---SLim\app\Controllers/../../public/uploads18/Controll Pulse - Cópia.png [] []
[2024-05-23T10:33:24.452694+02:00] logger.INFO: Deleted file: C:\Users\Daniel Morais\Desktop\Nova pasta\htdocs\reindal\Reindal---To-do-List---SLim\app\Controllers/../../public/uploads18/BetRisk - Cópia.png [] []
[2024-05-23T10:33:24.454915+02:00] logger.INFO: Deleted file: C:\Users\Daniel Morais\Desktop\Nova pasta\htdocs\reindal\Reindal---To-do-List---SLim\app\Controllers/../../public/uploads18/Controll Pulse - Cópia.png [] []
[2024-05-23T15:47:17.047486+02:00] logger.INFO: SUCESSFULL! Render /sneat-1.0.0/html/index.phtml [] []
[2024-05-23T15:47:20.258802+02:00] logger.INFO: SUCESSFULL! Render /sneat-1.0.0/html/index.phtml [] []
[2024-05-23T15:47:32.258998+02:00] logger.INFO: SUCESSFULL! Render /sneat-1.0.0/html/index.phtml [] []
[2024-05-23T15:47:43.340770+02:00] logger.INFO: SUCESSFULL! Render /sneat-1.0.0/html/index.phtml [] []
[2024-05-23T16:32:58.077426+02:00] logger.INFO: SUCESSFULL! Render /sneat-1.0.0/html/index.phtml [] []
[2024-05-23T16:39:05.748097+02:00] logger.INFO: SUCESSFULL! Render /sneat-1.0.0/html/index.phtml [] []
[2024-05-23T16:57:16.309120+02:00] logger.INFO: SUCESSFULL! Render /sneat-1.0.0/html/index.phtml [] []
[2024-05-24T09:09:59.367743+02:00] logger.INFO: SUCESSFULL! Render /sneat-1.0.0/html/index.phtml [] []
[2024-05-24T09:10:36.598494+02:00] logger.ERROR: SQLSTATE[HY000] [2002] Nenhuma ligação pôde ser feita porque o computador de destino as recusou ativamente {"exception":"[object] (PDOException(code: 2002): SQLSTATE[HY000] [2002] Nenhuma ligação pôde ser feita porque o computador de destino\r\nas recusou ativamente at C:\\Users\\Daniel Morais\\Desktop\\Nova pasta\\htdocs\\reindal\\Reindal---To-do-List---SLim\\bootstrap\\app.php:51)"} []
[2024-05-24T09:11:02.404602+02:00] logger.ERROR: SQLSTATE[HY000] [2002] Nenhuma ligação pôde ser feita porque o computador de destino as recusou ativamente {"exception":"[object] (PDOException(code: 2002): SQLSTATE[HY000] [2002] Nenhuma ligação pôde ser feita porque o computador de destino\r\nas recusou ativamente at C:\\Users\\Daniel Morais\\Desktop\\Nova pasta\\htdocs\\reindal\\Reindal---To-do-List---SLim\\bootstrap\\app.php:51)"} []
